
Кон 1.

(Маг) Артур vs (Лучник) Робин
(Маг) Артур наносит урон 22 противнику (Лучник) Робин
(Лучник) Робин наносит урон 17 противнику (Маг) Артур
(Маг) Артур наносит урон 22 противнику (Лучник) Робин
(Лучник) Робин использует (Огненные стрелы) — (Маг) Артур загорается
(Маг) Артур горит и теряет 2 ед. жизни
(Маг) Артур наносит урон 22 противнику (Лучник) Робин
(Лучник) Робин наносит урон 17 противнику (Маг) Артур
(Маг) Артур горит и теряет 2 ед. жизни
(Маг) Артур использует (Заворожение)
(Маг) Артур пропускает ход (Заворожение)
(Маг) Артур горит и теряет 2 ед. жизни
(Маг) Артур наносит урон 22 противнику (Лучник) Робин
(Лучник) Робин погибает

(Лучник) Мерлин vs (Маг) Леголас
(Лучник) Мерлин наносит урон 23 противнику (Маг) Леголас
(Маг) Леголас наносит урон 23 противнику (Лучник) Мерлин
(Лучник) Мерлин наносит урон 23 противнику (Маг) Леголас
(Маг) Леголас использует (Заворожение)
(Лучник) Мерлин использует (Огненные стрелы) — (Маг) Леголас загорается
(Маг) Леголас горит и теряет 2 ед. жизни
(Маг) Леголас использует (Заворожение)
(Маг) Леголас пропускает ход (Заворожение)
(Маг) Леголас горит и теряет 2 ед. жизни
(Маг) Леголас использует (Заворожение)
(Маг) Леголас пропускает ход (Заворожение)
(Маг) Леголас горит и теряет 2 ед. жизни
(Маг) Леголас использует (Заворожение)
(Маг) Леголас пропускает ход (Заворожение)
(Маг) Леголас горит и теряет 2 ед. жизни
(Маг) Леголас использует (Заворожение)
(Маг) Леголас пропускает ход (Заворожение)
(Маг) Леголас горит и теряет 2 ед. жизни
(Маг) Леголас наносит урон 23 противнику (Лучник) Мерлин
(Лучник) Мерлин наносит урон 23 противнику (Маг) Леголас
(Маг) Леголас горит и теряет 2 ед. жизни
(Маг) Леголас использует (Заворожение)
(Маг) Леголас пропускает ход (Заворожение)
(Маг) Леголас горит и теряет 2 ед. жизни
(Маг) Леголас использует (Заворожение)
(Маг) Леголас пропускает ход (Заворожение)
(Маг) Леголас горит и теряет 2 ед. жизни
(Маг) Леголас использует (Заворожение)
(Маг) Леголас пропускает ход (Заворожение)
(Маг) Леголас горит и теряет 2 ед. жизни
(Маг) Леголас использует (Заворожение)
(Маг) Леголас пропускает ход (Заворожение)
(Маг) Леголас горит и теряет 2 ед. жизни
(Маг) Леголас использует (Заворожение)
(Маг) Леголас пропускает ход (Заворожение)
(Маг) Леголас горит и теряет 2 ед. жизни
(Маг) Леголас наносит урон 23 противнику (Лучник) Мерлин
(Лучник) Мерлин наносит урон 23 противнику (Маг) Леголас
(Маг) Леголас погибает

(Рыцарь) Гэндальф vs (Маг) Робин
(Рыцарь) Гэндальф наносит урон 14 противнику (Маг) Робин
(Маг) Робин использует (Заворожение)
(Маг) Робин пропускает ход (Заворожение)
(Маг) Робин использует (Заворожение)
(Маг) Робин пропускает ход (Заворожение)
(Маг) Робин наносит урон 24 противнику (Рыцарь) Гэндальф
(Рыцарь) Гэндальф использует (Удар возмездия) и наносит урон 18 противнику (Маг) Робин
(Маг) Робин использует (Заворожение)
(Маг) Робин пропускает ход (Заворожение)
(Маг) Робин наносит урон 24 противнику (Рыцарь) Гэндальф
(Рыцарь) Гэндальф наносит урон 14 противнику (Маг) Робин
(Маг) Робин наносит урон 24 противнику (Рыцарь) Гэндальф
(Рыцарь) Гэндальф наносит урон 14 противнику (Маг) Робин
(Маг) Робин наносит урон 24 противнику (Рыцарь) Гэндальф
(Рыцарь) Гэндальф использует (Удар возмездия) и наносит урон 18 противнику (Маг) Робин
(Маг) Робин наносит урон 24 противнику (Рыцарь) Гэндальф
(Рыцарь) Гэндальф погибает

(Лучник) Артур vs (Маг) Робин
(Лучник) Артур наносит урон 25 противнику (Маг) Робин
(Маг) Робин наносит урон 12 противнику (Лучник) Артур
(Лучник) Артур использует (Огненные стрелы) — (Маг) Робин загорается
(Маг) Робин горит и теряет 2 ед. жизни
(Маг) Робин использует (Заворожение)
(Маг) Робин пропускает ход (Заворожение)
(Маг) Робин горит и теряет 2 ед. жизни
(Маг) Робин использует (Заворожение)
(Маг) Робин пропускает ход (Заворожение)
(Маг) Робин горит и теряет 2 ед. жизни
(Маг) Робин использует (Заворожение)
(Маг) Робин пропускает ход (Заворожение)
(Маг) Робин горит и теряет 2 ед. жизни
(Маг) Робин наносит урон 12 противнику (Лучник) Артур
(Лучник) Артур наносит урон 25 противнику (Маг) Робин
(Маг) Робин горит и теряет 2 ед. жизни
(Маг) Робин использует (Заворожение)
(Маг) Робин пропускает ход (Заворожение)
(Маг) Робин горит и теряет 2 ед. жизни
(Маг) Робин наносит урон 12 противнику (Лучник) Артур
(Лучник) Артур наносит урон 25 противнику (Маг) Робин
(Маг) Робин горит и теряет 2 ед. жизни
(Маг) Робин использует (Заворожение)
(Маг) Робин пропускает ход (Заворожение)
(Маг) Робин горит и теряет 2 ед. жизни
(Маг) Робин использует (Заворожение)
(Маг) Робин пропускает ход (Заворожение)
(Маг) Робин горит и теряет 2 ед. жизни
(Маг) Робин использует (Заворожение)
(Маг) Робин пропускает ход (Заворожение)
(Маг) Робин горит и теряет 2 ед. жизни
(Маг) Робин наносит урон 12 противнику (Лучник) Артур
(Лучник) Артур наносит урон 25 противнику (Маг) Робин
(Маг) Робин погибает

Кон 2.

(Лучник) Артур vs (Маг) Робин
(Лучник) Артур наносит урон 25 противнику (Маг) Робин
(Маг) Робин погибает

(Лучник) Мерлин vs (Маг) Артур
(Лучник) Мерлин наносит урон 23 противнику (Маг) Артур
(Маг) Артур использует (Заворожение)
(Лучник) Мерлин использует (Огненные стрелы) — (Маг) Артур загорается
(Маг) Артур горит и теряет 2 ед. жизни
(Маг) Артур наносит урон 22 противнику (Лучник) Мерлин
(Лучник) Мерлин наносит урон 23 противнику (Маг) Артур
(Маг) Артур горит и теряет 2 ед. жизни
(Маг) Артур использует (Заворожение)
(Маг) Артур пропускает ход (Заворожение)
(Маг) Артур горит и теряет 2 ед. жизни
(Маг) Артур наносит урон 22 противнику (Лучник) Мерлин
(Лучник) Мерлин погибает

Кон 3.

(Маг) Артур vs (Лучник) Артур
(Маг) Артур наносит урон 22 противнику (Лучник) Артур
(Лучник) Артур наносит урон 25 противнику (Маг) Артур
(Маг) Артур погибает

Победитель — (Лучник) Артур